<?xml version="1.0" encoding="UTF-8"?>
<!-- Generated by org.testng.reporters.JUnitReportReporter -->
<testsuite hostname="khichu" name="com.automation.tests.TestNGMethods" tests="1" failures="0" timestamp="30 Aug 2020 18:23:04 GMT" time="0.001" errors="0">
  <testcase name="test1" time="0.001" classname="com.automation.tests.TestNGMethods"/>
</testsuite> <!-- com.automation.tests.TestNGMethods -->
